  Source.cpp
D:\source\repos\No Escape\No Escape\main.h(715,31): warning C4390: ';': empty controlled statement found; is this the intent?
D:\source\repos\No Escape\No Escape\main.h(721,31): warning C4390: ';': empty controlled statement found; is this the intent?
D:\source\repos\No Escape\No Escape\main.h(727,31): warning C4390: ';': empty controlled statement found; is this the intent?
D:\source\repos\No Escape\No Escape\main.h(733,31): warning C4390: ';': empty controlled statement found; is this the intent?
D:\source\repos\No Escape\No Escape\main.h(739,31): warning C4390: ';': empty controlled statement found; is this the intent?
D:\source\repos\No Escape\No Escape\main.h(745,31): warning C4390: ';': empty controlled statement found; is this the intent?
D:\source\repos\No Escape\No Escape\main.h(775,31): warning C4390: ';': empty controlled statement found; is this the intent?
D:\source\repos\No Escape\No Escape\main.h(789,31): warning C4390: ';': empty controlled statement found; is this the intent?
D:\source\repos\No Escape\No Escape\Source.cpp(2,1): warning C4005: 'UNICODE': macro redefinition
D:\source\repos\No Escape\No Escape\Source.cpp(2,1): message : 'UNICODE' previously declared on the command line
D:\source\repos\No Escape\No Escape\Source.cpp(6,1): warning C4005: '_CRT_SECURE_NO_WARNINGS': macro redefinition
D:\source\repos\No Escape\No Escape\Source.cpp(6,1): message : '_CRT_SECURE_NO_WARNINGS' previously declared on the command line
D:\source\repos\No Escape\No Escape\Source.cpp(91,1): warning C4409: illegal instruction size
D:\source\repos\No Escape\No Escape\Source.cpp(92,4): warning C4409: illegal instruction size
  Generating code
D:\source\repos\No Escape\No Escape\Source.cpp(264): error C4716: 'Checknkey': must return a value
  6 of 203 functions ( 3.0%) were compiled, the rest were copied from previous compilation.
    2 functions were new in current compilation
    0 functions had inline decision re-evaluated but remain unchanged
LINK : fatal error LNK1257: code generation failed
